<?xml version="1.0" encoding="UTF-8"?>
<testng-results ignored="0" total="1" passed="1" failed="0" skipped="0">
  <reporter-output>
  </reporter-output>
  <suite started-at="2026-02-04T15:55:27 IST" name="Suite" finished-at="2026-02-04T15:55:51 IST" duration-ms="24549">
    <groups>
    </groups>
    <test started-at="2026-02-04T15:55:27 IST" name="Test" finished-at="2026-02-04T15:55:51 IST" duration-ms="24549">
      <class name="revise.learning.basics">
        <test-method is-config="true" signature="callingDriver()[pri:0, instance:revise.learning.basics@6a4f1a55]" started-at="2026-02-04T15:55:27 IST" name="callingDriver" finished-at="2026-02-04T15:55:35 IST" duration-ms="7351" status="PASS">
          <reporter-output>
          </reporter-output>
        </test-method> <!-- callingDriver -->
        <test-method signature="Amazon(java.util.HashMap)[pri:0, instance:revise.learning.basics@6a4f1a55]" started-at="2026-02-04T15:55:35 IST" name="Amazon" data-provider="dataSearch" finished-at="2026-02-04T15:55:51 IST" duration-ms="16932" status="PASS">
          <params>
            <param index="0">
              <value>
                <![CDATA[{search2=jeans for women, search1=jeans for}]]>
              </value>
            </param>
          </params>
          <reporter-output>
          </reporter-output>
        </test-method> <!-- Amazon -->
      </class> <!-- revise.learning.basics -->
    </test> <!-- Test -->
  </suite> <!-- Suite -->
</testng-results>
